<?xml version="1.0" encoding="UTF-8"?>
<testng-results skipped="0" failed="0" total="2" passed="2">
  <reporter-output>
  </reporter-output>
  <suite name="Suite" duration-ms="36173" started-at="2016-03-07T15:17:04Z" finished-at="2016-03-07T15:17:41Z">
    <groups>
    </groups>
    <test name="Test" duration-ms="36173" started-at="2016-03-07T15:17:04Z" finished-at="2016-03-07T15:17:41Z">
      <class name="testScript.Scenario_Search">
        <test-method status="PASS" signature="launchBrowser()[pri:0, instance:testScript.Scenario_Search@ce8af7]" name="launchBrowser" is-config="true" duration-ms="8987" started-at="2016-03-07T20:47:28Z" finished-at="2016-03-07T20:47:37Z">
          <reporter-output>
          </reporter-output>
        </test-method> <!-- launchBrowser -->
        <test-method status="PASS" signature="doSearch()[pri:0, instance:testScript.Scenario_Search@ce8af7]" name="doSearch" duration-ms="1916" started-at="2016-03-07T20:47:37Z" finished-at="2016-03-07T20:47:39Z">
          <reporter-output>
          </reporter-output>
        </test-method> <!-- doSearch -->
        <test-method status="PASS" signature="tear_down()[pri:0, instance:testScript.Scenario_Search@ce8af7]" name="tear_down" is-config="true" duration-ms="1487" started-at="2016-03-07T20:47:39Z" finished-at="2016-03-07T20:47:41Z">
          <reporter-output>
          </reporter-output>
        </test-method> <!-- tear_down -->
      </class> <!-- testScript.Scenario_Search -->
      <class name="testScript.Scenario_Login">
        <test-method status="PASS" signature="launchBrowser()[pri:0, instance:testScript.Scenario_Login@79be86]" name="launchBrowser" is-config="true" duration-ms="12994" started-at="2016-03-07T20:47:04Z" finished-at="2016-03-07T20:47:17Z">
          <reporter-output>
          </reporter-output>
        </test-method> <!-- launchBrowser -->
        <test-method status="PASS" signature="doLogin()[pri:0, instance:testScript.Scenario_Login@79be86]" name="doLogin" duration-ms="9024" started-at="2016-03-07T20:47:17Z" finished-at="2016-03-07T20:47:26Z">
          <reporter-output>
          </reporter-output>
        </test-method> <!-- doLogin -->
        <test-method status="PASS" signature="tear_down()[pri:0, instance:testScript.Scenario_Login@79be86]" name="tear_down" is-config="true" duration-ms="1729" started-at="2016-03-07T20:47:26Z" finished-at="2016-03-07T20:47:28Z">
          <reporter-output>
          </reporter-output>
        </test-method> <!-- tear_down -->
      </class> <!-- testScript.Scenario_Login -->
    </test> <!-- Test -->
  </suite> <!-- Suite -->
</testng-results>
